<?xml version="1.0" encoding="UTF-8"?>
<!-- Generated by org.testng.reporters.JUnitReportReporter -->
<testsuite hostname="FarheenLat5000" failures="0" tests="2" name="com.ws.testcase.TestLoginPage" time="12.324" errors="0" timestamp="2024-03-23T07:02:14 EDT" skipped="0">
  <testcase classname="com.ws.testcase.TestLoginPage" name="testHomePageTitle" time="5.159"/>
  <testcase classname="com.ws.testcase.TestLoginPage" name="testLoginFunction" time="7.165"/>
</testsuite> <!-- com.ws.testcase.TestLoginPage -->
