<?xml version="1.0" encoding="UTF-8"?>
<!-- Generated by org.testng.reporters.JUnitReportReporter -->
<testsuite hostname="FarheenLat5000" failures="0" tests="1" name="com.ws.base.DriverScript" time="3.270" errors="0" timestamp="2024-03-22T00:12:46 EDT" skipped="0">
  <testcase classname="com.ws.base.DriverScript" name="initApplication" time="3.270"/>
</testsuite> <!-- com.ws.base.DriverScript -->
